2025-04-01T01:19:36.835Z [[32minfo[39m]: Server is running on port 3001
2025-04-01T01:19:37.371Z [[32minfo[39m]: GET /api/health
2025-04-01T01:19:39.487Z [[32minfo[39m]: GET /api/cve/search
2025-04-01T01:19:41.399Z [[32minfo[39m]: GET /api/dashboard/stats
2025-04-01T01:20:20.486Z [[32minfo[39m]: GET /api/security/configs
2025-04-01T01:20:20.488Z [[32minfo[39m]: GET /api/security/templates
2025-04-01T01:20:27.495Z [[32minfo[39m]: GET /api/security/templates
2025-04-01T01:20:27.498Z [[32minfo[39m]: GET /api/security/templates
2025-04-01T01:20:36.828Z [[32minfo[39m]: GET /api/security/configs
2025-04-01T01:20:36.829Z [[32minfo[39m]: GET /api/security/configs
2025-04-01T01:20:37.664Z [[32minfo[39m]: GET /api/security/configs
2025-04-01T01:20:37.665Z [[32minfo[39m]: GET /api/security/configs
2025-04-01T01:20:37.666Z [[32minfo[39m]: GET /api/security/templates
2025-04-01T01:20:37.667Z [[32minfo[39m]: GET /api/security/templates
2025-04-01T01:20:41.075Z [[32minfo[39m]: GET /api/templates
2025-04-01T01:20:48.842Z [[32minfo[39m]: GET /api/security/templates
2025-04-01T01:20:48.843Z [[32minfo[39m]: GET /api/security/configs
2025-04-01T01:20:48.844Z [[32minfo[39m]: GET /api/security/templates
2025-04-01T01:20:48.845Z [[32minfo[39m]: GET /api/security/configs
2025-04-01T01:20:49.595Z [[32minfo[39m]: GET /api/security/configs
2025-04-01T01:20:49.597Z [[32minfo[39m]: GET /api/security/configs
2025-04-01T01:20:53.205Z [[32minfo[39m]: GET /api/security/configs/1
2025-04-01T01:21:38.342Z [[32minfo[39m]: GET /api/cve/search?query=cve
2025-04-01T01:21:50.281Z [[32minfo[39m]: GET /api/security/configs
2025-04-01T01:21:50.283Z [[32minfo[39m]: GET /api/security/templates
2025-04-01T01:21:50.284Z [[32minfo[39m]: GET /api/security/configs
2025-04-01T01:21:50.284Z [[32minfo[39m]: GET /api/security/templates
2025-04-01T01:21:55.614Z [[32minfo[39m]: GET /api/security/templates
2025-04-01T01:21:55.616Z [[32minfo[39m]: GET /api/security/templates
2025-04-01T01:22:38.387Z [[32minfo[39m]: POST /api/security/configs
2025-04-01T01:22:38.393Z [[32minfo[39m]: GET /api/security/configs
2025-04-01T01:22:38.396Z [[32minfo[39m]: GET /api/security/templates
2025-04-01T01:23:03.452Z [[32minfo[39m]: GET /api/security/configs
2025-04-01T01:23:03.454Z [[32minfo[39m]: GET /api/security/configs
2025-04-01T01:23:45.587Z [[32minfo[39m]: GET /api/security/configs
2025-04-01T01:23:45.588Z [[32minfo[39m]: GET /api/security/templates
2025-04-01T01:23:45.588Z [[32minfo[39m]: GET /api/security/configs
2025-04-01T01:23:45.589Z [[32minfo[39m]: GET /api/security/templates
2025-04-01T01:23:56.832Z [[32minfo[39m]: GET /api/security/configs
2025-04-01T01:23:56.833Z [[32minfo[39m]: GET /api/security/configs
2025-04-01T01:24:17.931Z [[32minfo[39m]: GET /api/security/configs
2025-04-01T01:24:23.273Z [[32minfo[39m]: GET /api/security/configs
2025-04-01T01:24:23.274Z [[32minfo[39m]: GET /api/security/configs
2025-04-01T01:24:26.323Z [[32minfo[39m]: GET /api/security/configs
2025-04-01T01:24:26.324Z [[32minfo[39m]: GET /api/security/configs
2025-04-01T01:24:59.085Z [[32minfo[39m]: Server is running on port 3001
2025-04-01T01:25:01.980Z [[32minfo[39m]: GET /api/compliance/status
2025-04-01T01:25:03.239Z [[32minfo[39m]: GET /api/compliance/issues
2025-04-01T01:25:04.952Z [[32minfo[39m]: POST /api/security/templates
2025-04-01T01:25:05.990Z [[32minfo[39m]: GET /api/security/configs
2025-04-01T01:25:05.991Z [[32minfo[39m]: GET /api/security/configs
2025-04-01T01:25:06.920Z [[32minfo[39m]: GET /api/security/configs
2025-04-01T01:25:06.921Z [[32minfo[39m]: GET /api/security/configs
2025-04-01T01:25:12.065Z [[32minfo[39m]: GET /api/security/configs
2025-04-01T01:25:12.066Z [[32minfo[39m]: GET /api/security/configs
2025-04-01T01:26:23.562Z [[32minfo[39m]: Server is running on port 3001
2025-04-01T01:26:35.082Z [[32minfo[39m]: Server is running on port 3001
2025-04-01T01:26:46.122Z [[32minfo[39m]: Server is running on port 3001
2025-04-01T01:26:50.978Z [[32minfo[39m]: GET /api/cve/search
2025-04-01T01:27:04.247Z [[32minfo[39m]: GET /api/cve/search
2025-04-01T01:27:40.772Z [[32minfo[39m]: Server is running on port 3001
2025-04-01T01:27:40.777Z [[32minfo[39m]: Connected to MongoDB
2025-04-01T01:33:44.755Z [[32minfo[39m]: Server is running on port 3001
2025-04-01T01:33:44.764Z [[32minfo[39m]: GET /api/health
2025-04-01T01:33:44.771Z [[32minfo[39m]: Connected to MongoDB
2025-04-01T01:33:44.773Z [[32minfo[39m]: GET /api/security/configs
2025-04-01T01:33:44.779Z [[32minfo[39m]: POST /api/security/configs
2025-04-01T01:33:44.785Z [[32minfo[39m]: GET /api/security/templates
2025-04-01T01:33:44.792Z [[32minfo[39m]: POST /api/security/templates
2025-04-01T01:33:44.794Z [[32minfo[39m]: GET /api/cve/search
2025-04-01T01:33:44.801Z [[32minfo[39m]: GET /api/cve/alerts
2025-04-01T01:33:44.806Z [[32minfo[39m]: GET /api/dashboard/stats
2025-04-01T01:33:44.812Z [[32minfo[39m]: GET /api/compliance/status
2025-04-01T01:33:44.820Z [[32minfo[39m]: GET /api/compliance/issues
2025-04-01T01:34:17.537Z [[32minfo[39m]: GET /api/security/configs
2025-04-01T01:34:18.741Z [[32minfo[39m]: GET /api/security/configs
2025-04-01T01:34:18.743Z [[32minfo[39m]: GET /api/security/configs
2025-04-01T01:34:22.416Z [[32minfo[39m]: GET /api/health
2025-04-01T01:34:22.426Z [[32minfo[39m]: Connected to MongoDB
2025-04-01T01:34:22.427Z [[32minfo[39m]: GET /api/security/configs
2025-04-01T01:34:22.432Z [[32minfo[39m]: POST /api/security/configs
2025-04-01T01:34:22.436Z [[32minfo[39m]: GET /api/security/templates
2025-04-01T01:34:22.442Z [[32minfo[39m]: POST /api/security/templates
2025-04-01T01:34:22.443Z [[32minfo[39m]: GET /api/cve/search
2025-04-01T01:34:22.450Z [[32minfo[39m]: GET /api/cve/alerts
2025-04-01T01:34:22.454Z [[32minfo[39m]: GET /api/dashboard/stats
2025-04-01T01:34:22.459Z [[32minfo[39m]: GET /api/compliance/status
2025-04-01T01:34:22.461Z [[32minfo[39m]: GET /api/compliance/issues
2025-04-01T01:35:16.949Z [[32minfo[39m]: GET /api/security/configs
2025-04-01T01:35:16.949Z [[32minfo[39m]: GET /api/security/configs
2025-04-01T01:35:19.833Z [[32minfo[39m]: GET /api/security/configs
2025-04-01T01:35:19.834Z [[32minfo[39m]: GET /api/security/configs
2025-04-01T01:35:29.289Z [[32minfo[39m]: GET /api/cve/search
2025-04-01T01:35:38.725Z [[32minfo[39m]: GET /api/cve/search
2025-04-01T01:35:38.726Z [[32minfo[39m]: GET /api/cve/search
2025-04-01T01:36:05.085Z [[32minfo[39m]: GET /api/health
2025-04-01T01:36:05.095Z [[32minfo[39m]: Connected to MongoDB
2025-04-01T01:36:05.095Z [[32minfo[39m]: GET /api/security/configs
2025-04-01T01:36:05.101Z [[32minfo[39m]: POST /api/security/configs
2025-04-01T01:36:05.105Z [[32minfo[39m]: GET /api/security/templates
2025-04-01T01:36:05.110Z [[32minfo[39m]: POST /api/security/templates
2025-04-01T01:36:05.112Z [[32minfo[39m]: GET /api/cve/search
2025-04-01T01:36:05.119Z [[32minfo[39m]: GET /api/cve/alerts
2025-04-01T01:36:05.122Z [[32minfo[39m]: GET /api/dashboard/stats
2025-04-01T01:36:05.128Z [[32minfo[39m]: GET /api/compliance/status
2025-04-01T01:36:05.130Z [[32minfo[39m]: GET /api/compliance/issues
2025-04-01T01:39:20.227Z [[32minfo[39m]: GET /api/health
2025-04-01T01:39:20.235Z [[32minfo[39m]: Connected to MongoDB
2025-04-01T01:39:20.236Z [[32minfo[39m]: GET /api/security/configs
2025-04-01T01:39:20.243Z [[32minfo[39m]: POST /api/security/configs
2025-04-01T01:39:20.246Z [[32minfo[39m]: GET /api/cve/search
2025-04-01T01:39:20.253Z [[32minfo[39m]: GET /api/cve/alerts
2025-04-01T01:39:20.258Z [[32minfo[39m]: GET /api/dashboard/stats
2025-04-01T01:39:20.263Z [[32minfo[39m]: GET /api/compliance/status
2025-04-01T01:39:20.265Z [[32minfo[39m]: GET /api/compliance/issues
2025-04-01T01:39:28.068Z [[32minfo[39m]: GET /api/health
2025-04-01T01:39:28.078Z [[32minfo[39m]: Connected to MongoDB
2025-04-01T01:39:28.079Z [[32minfo[39m]: GET /api/security/configs
2025-04-01T01:39:28.085Z [[32minfo[39m]: POST /api/security/configs
2025-04-01T01:39:28.089Z [[32minfo[39m]: GET /api/cve/search
2025-04-01T01:39:28.097Z [[32minfo[39m]: GET /api/cve/alerts
2025-04-01T01:39:28.103Z [[32minfo[39m]: GET /api/dashboard/stats
2025-04-01T01:39:28.108Z [[32minfo[39m]: GET /api/compliance/status
2025-04-01T01:39:28.110Z [[32minfo[39m]: GET /api/compliance/issues
2025-04-01T01:39:37.592Z [[32minfo[39m]: GET /api/health
2025-04-01T01:39:37.601Z [[32minfo[39m]: Connected to MongoDB
2025-04-01T01:39:37.603Z [[32minfo[39m]: GET /api/security/configs
2025-04-01T01:39:37.609Z [[32minfo[39m]: POST /api/security/configs
2025-04-01T01:39:37.612Z [[32minfo[39m]: GET /api/cve/search
2025-04-01T01:39:37.619Z [[32minfo[39m]: GET /api/cve/alerts
2025-04-01T01:39:37.624Z [[32minfo[39m]: GET /api/dashboard/stats
2025-04-01T01:39:37.630Z [[32minfo[39m]: GET /api/compliance/status
2025-04-01T01:39:37.631Z [[32minfo[39m]: GET /api/compliance/issues
2025-04-01T01:40:23.323Z [[32minfo[39m]: GET /api/health
2025-04-01T01:40:23.329Z [[32minfo[39m]: Connected to MongoDB
2025-04-01T01:40:23.330Z [[32minfo[39m]: GET /api/security/configs
2025-04-01T01:40:23.337Z [[32minfo[39m]: POST /api/security/configs
2025-04-01T01:40:23.342Z [[32minfo[39m]: GET /api/cve/search
2025-04-01T01:40:23.350Z [[32minfo[39m]: GET /api/cve/alerts
2025-04-01T01:40:23.352Z [[32minfo[39m]: GET /api/dashboard/stats
2025-04-01T01:40:23.355Z [[32minfo[39m]: GET /api/compliance/status
2025-04-01T01:40:23.357Z [[32minfo[39m]: GET /api/compliance/issues
2025-04-01T01:40:52.572Z [[32minfo[39m]: GET /api/health
2025-04-01T01:40:52.579Z [[32minfo[39m]: Connected to MongoDB
2025-04-01T01:40:52.580Z [[32minfo[39m]: GET /api/security/configs
2025-04-01T01:40:52.588Z [[32minfo[39m]: POST /api/security/configs
2025-04-01T01:40:52.592Z [[32minfo[39m]: GET /api/cve/search
2025-04-01T01:40:52.601Z [[32minfo[39m]: GET /api/cve/alerts
2025-04-01T01:40:52.603Z [[32minfo[39m]: GET /api/dashboard/stats
2025-04-01T01:40:52.612Z [[32minfo[39m]: GET /api/compliance/status
2025-04-01T01:40:52.614Z [[32minfo[39m]: GET /api/compliance/issues
2025-04-01T01:42:08.029Z [[32minfo[39m]: GET /api/health
2025-04-01T01:42:08.035Z [[32minfo[39m]: Connected to MongoDB
2025-04-01T01:42:08.036Z [[32minfo[39m]: GET /api/security/configs
2025-04-01T01:42:08.041Z [[32minfo[39m]: POST /api/security/configs
2025-04-01T01:42:08.044Z [[32minfo[39m]: GET /api/cve/search
2025-04-01T01:42:08.052Z [[32minfo[39m]: GET /api/cve/alerts
2025-04-01T01:42:08.056Z [[32minfo[39m]: GET /api/dashboard/stats
2025-04-01T01:42:08.061Z [[32minfo[39m]: GET /api/compliance/status
2025-04-01T01:42:08.063Z [[32minfo[39m]: GET /api/compliance/issues
2025-04-01T01:42:48.071Z [[32minfo[39m]: GET /api/health
2025-04-01T01:42:48.076Z [[32minfo[39m]: GET /api/security/configs
2025-04-01T01:42:48.081Z [[32minfo[39m]: POST /api/security/configs
2025-04-01T01:42:48.083Z [[32minfo[39m]: GET /api/cve/search
2025-04-01T01:42:48.093Z [[32minfo[39m]: GET /api/cve/alerts
2025-04-01T01:42:48.096Z [[32minfo[39m]: GET /api/dashboard/stats
2025-04-01T01:42:48.161Z [[32minfo[39m]: GET /api/compliance/status
2025-04-01T01:42:48.162Z [[32minfo[39m]: GET /api/compliance/issues
2025-04-01T01:45:17.693Z [[32minfo[39m]: Server is running on port 3001
2025-04-01T01:45:17.701Z [[32minfo[39m]: Connected to MongoDB
2025-04-01T01:45:35.784Z [[32minfo[39m]: Server is running on port 3001
2025-04-01T01:45:35.791Z [[32minfo[39m]: Connected to MongoDB
2025-04-01T01:45:48.542Z [[32minfo[39m]: GET /api/security/configs
2025-04-01T01:46:17.590Z [[32minfo[39m]: Server is running on port 3001
2025-04-01T01:46:17.597Z [[32minfo[39m]: Connected to MongoDB
2025-04-01T01:46:39.891Z [[32minfo[39m]: GET /api/security/configs
2025-04-01T01:46:39.894Z [[32minfo[39m]: GET /api/security/configs
2025-04-01T01:49:08.587Z [[32minfo[39m]: GET /api/cve/search
2025-04-01T01:49:11.247Z [[32minfo[39m]: GET /api/compliance/status
2025-04-01T01:49:11.248Z [[32minfo[39m]: GET /api/compliance/status
2025-04-01T01:49:44.475Z [[32minfo[39m]: Server is running on port 3001
2025-04-01T01:49:44.481Z [[32minfo[39m]: Connected to MongoDB
2025-04-01T01:49:52.432Z [[32minfo[39m]: Server is running on port 3001
2025-04-01T01:49:52.438Z [[32minfo[39m]: Connected to MongoDB
2025-04-01T01:49:59.665Z [[32minfo[39m]: Server is running on port 3001
2025-04-01T01:49:59.671Z [[32minfo[39m]: Connected to MongoDB
2025-04-01T01:50:01.187Z [[32minfo[39m]: Server is running on port 3001
2025-04-01T01:50:01.193Z [[32minfo[39m]: Connected to MongoDB
2025-04-01T01:50:15.334Z [[32minfo[39m]: GET /api/security/configs
2025-04-01T01:52:48.512Z [[32minfo[39m]: Server is running on port 3001
2025-04-01T01:52:48.518Z [[32minfo[39m]: Connected to MongoDB
2025-04-01T01:53:02.507Z [[32minfo[39m]: GET /api/security/configs
2025-04-01T01:54:03.990Z [[32minfo[39m]: GET /api/security/configs
2025-04-01T01:54:03.991Z [[32minfo[39m]: GET /api/security/configs
2025-04-01T01:54:18.180Z [[32minfo[39m]: Server is running on port 3001
2025-04-01T01:54:18.187Z [[32minfo[39m]: Connected to MongoDB
2025-04-01T01:54:36.674Z [[32minfo[39m]: GET /api/security/configs
2025-04-01T01:54:36.677Z [[32minfo[39m]: GET /api/security/configs
2025-04-01T01:56:45.557Z [[32minfo[39m]: Server is running on port 3001
2025-04-01T01:56:45.562Z [[32minfo[39m]: Connected to MongoDB
2025-04-01T01:56:57.015Z [[32minfo[39m]: GET /api/templates
2025-04-01T01:56:57.017Z [[32minfo[39m]: GET /api/templates
2025-04-01T01:57:01.466Z [[32minfo[39m]: GET /api/security/configs
2025-04-01T01:57:01.468Z [[32minfo[39m]: GET /api/security/configs
2025-04-01T01:57:02.518Z [[32minfo[39m]: GET /api/security/configs
2025-04-01T01:57:02.519Z [[32minfo[39m]: GET /api/security/configs
2025-04-01T01:57:38.142Z [[32minfo[39m]: GET /api/security/configs
2025-04-01T01:57:38.143Z [[32minfo[39m]: GET /api/security/configs
2025-04-01T01:57:40.219Z [[32minfo[39m]: GET /api/security/configs
2025-04-01T01:57:40.220Z [[32minfo[39m]: GET /api/security/configs
2025-04-01T01:57:41.327Z [[32minfo[39m]: GET /api/security/configs
2025-04-01T01:57:41.328Z [[32minfo[39m]: GET /api/security/configs
2025-04-01T01:57:42.034Z [[32minfo[39m]: GET /api/security/configs
2025-04-01T01:57:42.035Z [[32minfo[39m]: GET /api/security/configs
2025-04-01T01:57:42.770Z [[32minfo[39m]: GET /api/security/configs
2025-04-01T01:57:42.770Z [[32minfo[39m]: GET /api/security/configs
2025-04-01T01:57:47.111Z [[32minfo[39m]: GET /api/security/configs
2025-04-01T01:57:47.111Z [[32minfo[39m]: GET /api/security/configs
2025-04-01T01:57:51.469Z [[32minfo[39m]: Server is running on port 3001
2025-04-01T01:57:51.475Z [[32minfo[39m]: Connected to MongoDB
2025-04-01T01:57:53.024Z [[32minfo[39m]: Server is running on port 3001
2025-04-01T01:57:53.030Z [[32minfo[39m]: Connected to MongoDB
2025-04-01T01:57:58.490Z [[32minfo[39m]: Server is running on port 3001
2025-04-01T01:57:58.496Z [[32minfo[39m]: Connected to MongoDB
2025-04-01T01:58:00.847Z [[32minfo[39m]: Server is running on port 3001
2025-04-01T01:58:00.853Z [[32minfo[39m]: Connected to MongoDB
2025-04-01T01:58:42.879Z [[32minfo[39m]: Server is running on port 3001
2025-04-01T01:58:42.887Z [[32minfo[39m]: Connected to MongoDB
2025-04-01T01:58:43.750Z [[32minfo[39m]: GET /api/security/configs
2025-04-01T01:58:47.072Z [[32minfo[39m]: GET /api/security/configs
2025-04-01T01:58:47.074Z [[32minfo[39m]: GET /api/security/configs
2025-04-01T01:58:49.308Z [[32minfo[39m]: GET /api/security/configs
2025-04-01T01:58:49.309Z [[32minfo[39m]: GET /api/security/configs
2025-04-01T01:59:09.507Z [[32minfo[39m]: Server is running on port 3001
2025-04-01T01:59:09.513Z [[32minfo[39m]: Connected to MongoDB
2025-04-01T01:59:28.357Z [[32minfo[39m]: GET /api/security/configs
2025-04-01T01:59:28.360Z [[32minfo[39m]: GET /api/security/configs
2025-04-01T01:59:56.437Z [[32minfo[39m]: POST /api/security/configs
2025-04-01T02:00:02.410Z [[32minfo[39m]: POST /api/security/configs
2025-04-01T02:00:17.328Z [[32minfo[39m]: GET /api/security/configs
2025-04-01T02:00:17.329Z [[32minfo[39m]: GET /api/security/configs
2025-04-01T02:00:24.842Z [[32minfo[39m]: GET /api/security/configs
2025-04-01T02:00:24.843Z [[32minfo[39m]: GET /api/security/configs
2025-04-01T02:00:31.574Z [[32minfo[39m]: GET /api/security/configs
2025-04-01T02:00:31.578Z [[32minfo[39m]: GET /api/security/configs
2025-04-01T02:01:26.324Z [[32minfo[39m]: GET /api/security/configs
2025-04-01T02:01:26.326Z [[32minfo[39m]: GET /api/security/configs
2025-04-01T02:01:29.962Z [[32minfo[39m]: GET /api/security/configs
2025-04-01T02:01:29.963Z [[32minfo[39m]: GET /api/security/configs
2025-04-01T02:01:40.271Z [[32minfo[39m]: GET /api/security/configs
2025-04-01T02:01:50.052Z [[32minfo[39m]: GET /api/cve/search
2025-04-01T02:01:52.066Z [[32minfo[39m]: GET /api/cve/alerts
2025-04-01T02:01:52.067Z [[32minfo[39m]: GET /api/cve/alerts
2025-04-01T02:01:52.070Z [[32minfo[39m]: GET /api/cve/alerts/recommendations
2025-04-01T02:01:54.144Z [[32minfo[39m]: GET /api/templates
2025-04-01T02:01:54.145Z [[32minfo[39m]: GET /api/templates
2025-04-01T02:01:55.165Z [[32minfo[39m]: GET /api/templates/create
2025-04-01T02:01:55.165Z [[32minfo[39m]: GET /api/templates/create
2025-04-01T02:01:59.546Z [[32minfo[39m]: GET /api/security/configs
2025-04-01T02:01:59.547Z [[32minfo[39m]: GET /api/security/configs
2025-04-01T02:03:15.454Z [[32minfo[39m]: GET /api/compliance/status
2025-04-01T02:03:15.455Z [[32minfo[39m]: GET /api/compliance/status
2025-04-01T02:03:21.983Z [[32minfo[39m]: GET /api/security/configs
2025-04-01T02:03:21.984Z [[32minfo[39m]: GET /api/security/configs
2025-04-01T02:03:39.889Z [[32minfo[39m]: GET /api/templates
2025-04-01T02:03:39.889Z [[32minfo[39m]: GET /api/templates
2025-04-01T02:03:46.274Z [[32minfo[39m]: GET /api/templates
2025-04-01T02:03:46.275Z [[32minfo[39m]: GET /api/templates
2025-04-01T02:03:52.767Z [[32minfo[39m]: GET /api/templates/create
2025-04-01T02:03:52.768Z [[32minfo[39m]: GET /api/templates/create
2025-04-01T02:03:53.389Z [[32minfo[39m]: GET /api/templates
2025-04-01T02:03:53.390Z [[32minfo[39m]: GET /api/templates
2025-04-01T02:04:06.138Z [[32minfo[39m]: GET /api/security/configs
2025-04-01T02:04:06.139Z [[32minfo[39m]: GET /api/security/configs
2025-04-01T13:08:17.156Z [[32minfo[39m]: GET /api/security/configs
2025-04-01T13:08:17.158Z [[32minfo[39m]: GET /api/security/configs
2025-04-01T13:48:40.777Z [[32minfo[39m]: Server is running on port 3001
2025-04-01T13:48:40.784Z [[32minfo[39m]: Connected to MongoDB
